[05-May-2018 11:57:44 UTC] PHP Notice:  Trying to get property of non-object in /var/www/html/1/bundle/b200-integrated/commons/bin/themes/html5/template.php on line 51
[05-May-2018 11:57:44 UTC] PHP Notice:  Trying to get property of non-object in /var/www/html/1/bundle/b200-integrated/commons/bin/themes/html5/template.php on line 55
[05-May-2018 11:57:44 UTC] PHP Notice:  Trying to get property of non-object in /var/www/html/1/bundle/b200-integrated/commons/bin/themes/html5/template.php on line 204
[05-May-2018 11:57:44 UTC] PHP Notice:  Trying to get property of non-object in /var/www/html/1/bundle/b200-integrated/commons/bin/themes/html5/template.php on line 205
[05-May-2018 11:57:44 UTC] PHP Notice:  Trying to get property of non-object in /var/www/html/1/bundle/b200-integrated/commons/bin/themes/html5/template.php on line 207
[05-May-2018 11:57:47 UTC] PHP Notice:  Trying to get property of non-object in /var/www/html/1/bundle/b200-integrated/commons/bin/themes/html5/template.php on line 51
[05-May-2018 11:57:47 UTC] PHP Notice:  Trying to get property of non-object in /var/www/html/1/bundle/b200-integrated/commons/bin/themes/html5/template.php on line 55
[05-May-2018 11:57:47 UTC] PHP Notice:  Trying to get property of non-object in /var/www/html/1/bundle/b200-integrated/commons/bin/themes/html5/template.php on line 204
[05-May-2018 11:57:47 UTC] PHP Notice:  Trying to get property of non-object in /var/www/html/1/bundle/b200-integrated/commons/bin/themes/html5/template.php on line 205
[05-May-2018 11:57:47 UTC] PHP Notice:  Trying to get property of non-object in /var/www/html/1/bundle/b200-integrated/commons/bin/themes/html5/template.php on line 207
[05-May-2018 11:57:49 UTC] PHP Notice:  Trying to get property of non-object in /var/www/html/1/bundle/b200-integrated/commons/bin/themes/html5/template.php on line 51
[05-May-2018 11:57:49 UTC] PHP Notice:  Trying to get property of non-object in /var/www/html/1/bundle/b200-integrated/commons/bin/themes/html5/template.php on line 55
[05-May-2018 11:57:49 UTC] PHP Notice:  Trying to get property of non-object in /var/www/html/1/bundle/b200-integrated/commons/bin/themes/html5/template.php on line 204
[05-May-2018 11:57:49 UTC] PHP Notice:  Trying to get property of non-object in /var/www/html/1/bundle/b200-integrated/commons/bin/themes/html5/template.php on line 205
[05-May-2018 11:57:49 UTC] PHP Notice:  Trying to get property of non-object in /var/www/html/1/bundle/b200-integrated/commons/bin/themes/html5/template.php on line 207
[05-May-2018 11:57:50 UTC] PHP Notice:  Trying to get property of non-object in /var/www/html/1/bundle/b200-integrated/commons/bin/themes/html5/template.php on line 51
[05-May-2018 11:57:50 UTC] PHP Notice:  Trying to get property of non-object in /var/www/html/1/bundle/b200-integrated/commons/bin/themes/html5/template.php on line 55
[05-May-2018 11:57:50 UTC] PHP Notice:  Trying to get property of non-object in /var/www/html/1/bundle/b200-integrated/commons/bin/themes/html5/template.php on line 204
[05-May-2018 11:57:50 UTC] PHP Notice:  Trying to get property of non-object in /var/www/html/1/bundle/b200-integrated/commons/bin/themes/html5/template.php on line 205
[05-May-2018 11:57:50 UTC] PHP Notice:  Trying to get property of non-object in /var/www/html/1/bundle/b200-integrated/commons/bin/themes/html5/template.php on line 207
[05-May-2018 13:14:22 UTC] PHP Fatal error:  Cannot redeclare get_wp_bundle_plugin_detail_link() (previously declared in /var/www/html/1/bundle/b200-integrated/commons/bin/plugins/wp-bundle-developer-plugins/plugin.php:67) in /var/www/html/1/bundle/b200-integrated/commons/bin/plugins/wp-bundle-developer-optimizer/plugin.php on line 67
[05-May-2018 13:14:23 UTC] PHP Fatal error:  Cannot redeclare get_wp_bundle_plugin_detail_link() (previously declared in /var/www/html/1/bundle/b200-integrated/commons/bin/plugins/wp-bundle-developer-plugins/plugin.php:67) in /var/www/html/1/bundle/b200-integrated/commons/bin/plugins/wp-bundle-developer-optimizer/plugin.php on line 67
[05-May-2018 13:14:23 UTC] PHP Fatal error:  Cannot redeclare get_wp_bundle_plugin_detail_link() (previously declared in /var/www/html/1/bundle/b200-integrated/commons/bin/plugins/wp-bundle-developer-plugins/plugin.php:67) in /var/www/html/1/bundle/b200-integrated/commons/bin/plugins/wp-bundle-developer-optimizer/plugin.php on line 67
[05-May-2018 13:45:28 UTC] PHP Warning:  file_put_contents(/var/www/html/1/bundle/b200-integrated/commons/bin/plugins/wp-bundle-developer-plugins/plugins.php): failed to open stream: Permission denied in /var/www/html/1/bundle/b200-integrated/commons/bin/plugins/wp-bundle-developer-plugins/logic.php on line 33
[05-May-2018 13:45:32 UTC] PHP Warning:  file_put_contents(/var/www/html/1/bundle/b200-integrated/commons/bin/plugins/wp-bundle-developer-plugins/plugins.php): failed to open stream: Permission denied in /var/www/html/1/bundle/b200-integrated/commons/bin/plugins/wp-bundle-developer-plugins/logic.php on line 33
[05-May-2018 13:46:12 UTC] PHP Warning:  file_put_contents(/var/www/html/1/bundle/b200-integrated/commons/bin/plugins/wp-bundle-developer-plugins/plugins.php): failed to open stream: Permission denied in /var/www/html/1/bundle/b200-integrated/commons/bin/plugins/wp-bundle-developer-plugins/logic.php on line 33
[05-May-2018 13:46:51 UTC] PHP Warning:  file_put_contents(/var/www/html/1/bundle/b200-integrated/commons/bin/plugins/wp-bundle-developer-plugins/plugins.php): failed to open stream: Permission denied in /var/www/html/1/bundle/b200-integrated/commons/bin/plugins/wp-bundle-developer-plugins/logic.php on line 33
[05-May-2018 13:47:32 UTC] PHP Warning:  file_put_contents(/var/www/html/1/bundle/b200-integrated/commons/bin/plugins/wp-bundle-developer-plugins/plugins.php): failed to open stream: Permission denied in /var/www/html/1/bundle/b200-integrated/commons/bin/plugins/wp-bundle-developer-plugins/logic.php on line 33
[05-May-2018 13:48:05 UTC] PHP Warning:  file_put_contents(/var/www/html/1/bundle/b200-integrated/commons/bin/plugins/wp-bundle-developer-plugins/plugins.php): failed to open stream: Permission denied in /var/www/html/1/bundle/b200-integrated/commons/bin/plugins/wp-bundle-developer-plugins/logic.php on line 33
[05-May-2018 13:48:51 UTC] PHP Warning:  file_put_contents(/var/www/html/1/bundle/b200-integrated/commons/bin/plugins/wp-bundle-developer-plugins/plugins.php): failed to open stream: Permission denied in /var/www/html/1/bundle/b200-integrated/commons/bin/plugins/wp-bundle-developer-plugins/logic.php on line 33
[05-May-2018 13:49:22 UTC] PHP Warning:  file_put_contents(/var/www/html/1/bundle/b200-integrated/commons/bin/plugins/wp-bundle-developer-plugins/plugins.php): failed to open stream: Permission denied in /var/www/html/1/bundle/b200-integrated/commons/bin/plugins/wp-bundle-developer-plugins/logic.php on line 33
[05-May-2018 13:49:32 UTC] PHP Warning:  file_put_contents(/var/www/html/1/bundle/b200-integrated/commons/bin/plugins/wp-bundle-developer-plugins/plugins.php): failed to open stream: Permission denied in /var/www/html/1/bundle/b200-integrated/commons/bin/plugins/wp-bundle-developer-plugins/logic.php on line 33
[05-May-2018 13:54:48 UTC] PHP Fatal error:  Uncaught Error: Call to undefined function get_wp_bundle_active_plugins_list() in /var/www/html/1/bundle/b200-integrated/commons/bin/plugins/wp-bundle-developer-plugins/logic.php:6
Stack trace:
#0 /var/www/html/1/bundle/b200-integrated/commons/bin/plugins/wp-bundle-developer-plugins/plugin.php(15): require_once()
#1 /var/www/html/1/bundle/b200-integrated/commons/core/wp-settings.php(305): include_once('/var/www/html/1...')
#2 /var/www/html/1/bundle/b200-integrated/commons/core/wp-config.php(20): require_once('/var/www/html/1...')
#3 /var/www/html/1/bundle/b200-integrated/commons/core/wp-load.php(37): require_once('/var/www/html/1...')
#4 /var/www/html/1/bundle/b200-integrated/commons/core/wp-admin/admin.php(31): require_once('/var/www/html/1...')
#5 /var/www/html/1/bundle/b200-integrated/commons/core/wp-admin/plugins.php(10): require_once('/var/www/html/1...')
#6 {main}
  thrown in /var/www/html/1/bundle/b200-integrated/commons/bin/plugins/wp-bundle-developer-plugins/logic.php on line 6
[05-May-2018 15:42:08 UTC] PHP Parse error:  syntax error, unexpected '}', expecting end of file in /var/www/html/1/bundle/b200-integrated/commons/bin/plugins/wp-bundle-developer-plugins/plugin.php on line 79
[05-May-2018 17:14:00 UTC] PHP Parse error:  syntax error, unexpected ')' in /var/www/html/1/bundle/b200-integrated/commons/bin/plugins/wp-bundle-developer-plugins/template.php on line 41
[05-May-2018 17:15:17 UTC] PHP Parse error:  syntax error, unexpected 'check_admin_referer' (T_STRING), expecting '(' in /var/www/html/1/bundle/b200-integrated/commons/bin/plugins/wp-bundle-developer-plugins/template.php on line 38
[05-May-2018 17:26:13 UTC] PHP Parse error:  syntax error, unexpected end of file in /var/www/html/1/bundle/b200-integrated/commons/bin/plugins/wp-bundle-developer-plugins/template.php on line 73
[05-May-2018 17:30:30 UTC] PHP Parse error:  syntax error, unexpected 'var' (T_VAR) in /var/www/html/1/bundle/b200-integrated/commons/bin/plugins/wp-bundle-developer-plugins/logic.php on line 40
[05-May-2018 17:30:46 UTC] PHP Notice:  Undefined variable: count in /var/www/html/1/bundle/b200-integrated/commons/bin/plugins/wp-bundle-developer-plugins/logic.php on line 40
[05-May-2018 17:30:46 UTC] PHP Fatal error:  Uncaught Error: Function name must be a string in /var/www/html/1/bundle/b200-integrated/commons/bin/plugins/wp-bundle-developer-plugins/logic.php:40
Stack trace:
#0 /var/www/html/1/bundle/b200-integrated/commons/bin/plugins/wp-bundle-developer-plugins/template.php(49): wp_bundle_developer_plugins_activate()
#1 /var/www/html/1/bundle/b200-integrated/commons/bin/plugins/wp-bundle-developer-plugins/template.php(7): check_wp_bundle_developer_plugins()
#2 /var/www/html/1/bundle/b200-integrated/commons/bin/plugins/wp-bundle-developer-plugins/template.php(39): get_wp_bundle_developer_plugins_html()
#3 /var/www/html/1/bundle/b200-integrated/commons/core/wp-admin/includes/template.php(1063): the_wp_bundle_developer_plugins_html('', Array)
#4 /var/www/html/1/bundle/b200-integrated/commons/core/wp-admin/includes/dashboard.php(218): do_meta_boxes(Object(WP_Screen), 'normal', '')
#5 /var/www/html/1/bundle/b200-integrated/commons/core/wp-admin/index.php(134): wp_dashboard()
#6 {main}
  thrown in /var/www/html/1/bundle/b200-integrated/commons/bin/plugins/wp-bundle-developer-plugins/logic.php on line 40
[05-May-2018 17:32:23 UTC] PHP Notice:  Undefined variable: count in /var/www/html/1/bundle/b200-integrated/commons/bin/plugins/wp-bundle-developer-plugins/logic.php on line 41
[05-May-2018 17:32:23 UTC] PHP Fatal error:  Uncaught Error: Function name must be a string in /var/www/html/1/bundle/b200-integrated/commons/bin/plugins/wp-bundle-developer-plugins/logic.php:41
Stack trace:
#0 /var/www/html/1/bundle/b200-integrated/commons/bin/plugins/wp-bundle-developer-plugins/template.php(49): wp_bundle_developer_plugins_activate()
#1 /var/www/html/1/bundle/b200-integrated/commons/bin/plugins/wp-bundle-developer-plugins/template.php(7): check_wp_bundle_developer_plugins()
#2 /var/www/html/1/bundle/b200-integrated/commons/bin/plugins/wp-bundle-developer-plugins/template.php(39): get_wp_bundle_developer_plugins_html()
#3 /var/www/html/1/bundle/b200-integrated/commons/core/wp-admin/includes/template.php(1063): the_wp_bundle_developer_plugins_html('', Array)
#4 /var/www/html/1/bundle/b200-integrated/commons/core/wp-admin/includes/dashboard.php(218): do_meta_boxes(Object(WP_Screen), 'normal', '')
#5 /var/www/html/1/bundle/b200-integrated/commons/core/wp-admin/index.php(134): wp_dashboard()
#6 {main}
  thrown in /var/www/html/1/bundle/b200-integrated/commons/bin/plugins/wp-bundle-developer-plugins/logic.php on line 41
[05-May-2018 17:44:25 UTC] PHP Warning:  copy(/var/www/html/1/bundle/b200-integrated/commons/bin/advanced-cache.php): failed to open stream: Permission denied in /var/www/html/1/bundle/b200-integrated/commons/bin/plugins/cache-enabler/inc/cache_enabler.class.php on line 345
[05-May-2018 17:44:25 UTC] PHP Fatal error:  Cannot redeclare wp_bundle_copy_front_page() (previously declared in /var/www/html/1/bundle/b200-integrated/commons/bin/plugins/wp-bundle-base-cache/plugin.php:116) in /var/www/html/1/bundle/b200-integrated/commons/bin/plugins/wp-bundle-base-cache-adjuster/plugin.php on line 67
[05-May-2018 17:44:47 UTC] PHP Fatal error:  Cannot redeclare wp_bundle_copy_front_page() (previously declared in /var/www/html/1/bundle/b200-integrated/commons/bin/plugins/wp-bundle-base-cache/plugin.php:116) in /var/www/html/1/bundle/b200-integrated/commons/bin/plugins/wp-bundle-base-cache-adjuster/plugin.php on line 67
[05-May-2018 17:44:48 UTC] PHP Fatal error:  Cannot redeclare wp_bundle_copy_front_page() (previously declared in /var/www/html/1/bundle/b200-integrated/commons/bin/plugins/wp-bundle-base-cache/plugin.php:116) in /var/www/html/1/bundle/b200-integrated/commons/bin/plugins/wp-bundle-base-cache-adjuster/plugin.php on line 67
[05-May-2018 17:44:48 UTC] PHP Fatal error:  Cannot redeclare wp_bundle_copy_front_page() (previously declared in /var/www/html/1/bundle/b200-integrated/commons/bin/plugins/wp-bundle-base-cache/plugin.php:116) in /var/www/html/1/bundle/b200-integrated/commons/bin/plugins/wp-bundle-base-cache-adjuster/plugin.php on line 67
[05-May-2018 17:46:42 UTC] PHP Fatal error:  Cannot redeclare wp_bundle_refresh_cache_path() (previously declared in /var/www/html/1/bundle/b200-integrated/commons/bin/plugins/wp-bundle-base-cache/plugin.php:70) in /var/www/html/1/bundle/b200-integrated/commons/bin/plugins/wp-bundle-base-cache-adjuster/plugin.php on line 58
[05-May-2018 17:46:43 UTC] PHP Fatal error:  Cannot redeclare wp_bundle_refresh_cache_path() (previously declared in /var/www/html/1/bundle/b200-integrated/commons/bin/plugins/wp-bundle-base-cache/plugin.php:70) in /var/www/html/1/bundle/b200-integrated/commons/bin/plugins/wp-bundle-base-cache-adjuster/plugin.php on line 58
[05-May-2018 17:46:43 UTC] PHP Fatal error:  Cannot redeclare wp_bundle_refresh_cache_path() (previously declared in /var/www/html/1/bundle/b200-integrated/commons/bin/plugins/wp-bundle-base-cache/plugin.php:70) in /var/www/html/1/bundle/b200-integrated/commons/bin/plugins/wp-bundle-base-cache-adjuster/plugin.php on line 58
[05-May-2018 17:49:21 UTC] PHP Deprecated:  Methods with the same name as their class will not be constructors in a future version of PHP; swas_wp_footnotes has a deprecated constructor in /var/www/html/1/bundle/b200-integrated/commons/bin/plugins/wp-bundle-write-footnotes/plugin.php on line 30
